<?xml version="1.0" encoding="UTF-8"?>
<testng-results ignored="0" total="0" passed="0" failed="0" skipped="0">
  <reporter-output>
  </reporter-output>
  <suite started-at="2021-01-06T17:49:51 IST" name="ELA Purchase Login Suite" finished-at="2021-01-06T17:49:55 IST" duration-ms="4303">
    <groups>
    </groups>
    <test started-at="2021-01-06T17:49:51 IST" name="Android Login English Subject Grade PreK" finished-at="2021-01-06T17:49:55 IST" duration-ms="4303">
      <class name="com.splashlearn.test.android.AND_Login_Test_CaseGradePreKMath">
        <test-method is-config="true" signature="beforeSuite(java.lang.String)[pri:0, instance:com.splashlearn.test.android.AND_Login_Test_CaseGradePreKMath@41e68d87]" started-at="2021-01-06T17:49:50 IST" name="beforeSuite" finished-at="2021-01-06T17:49:51 IST" duration-ms="436" status="PASS">
          <params>
            <param index="0">
              <value>
                <![CDATA[1]]>
              </value>
            </param>
          </params>
          <reporter-output>
          </reporter-output>
        </test-method> <!-- beforeSuite -->
        <test-method is-config="true" signature="beforeTest(org.testng.ITestContext)[pri:0, instance:com.splashlearn.test.android.AND_Login_Test_CaseGradePreKMath@41e68d87]" started-at="2021-01-06T17:49:51 IST" name="beforeTest" finished-at="2021-01-06T17:49:51 IST" duration-ms="36" status="PASS">
          <params>
            <param index="0">
              <value>
                <![CDATA[org.testng.TestRunner@2eba9f0d]]>
              </value>
            </param>
          </params>
          <reporter-output>
          </reporter-output>
        </test-method> <!-- beforeTest -->
        <test-method is-config="true" signature="beforeMethod(java.lang.reflect.Method)[pri:0, instance:com.splashlearn.test.android.AND_Login_Test_CaseGradePreKMath@41e68d87]" started-at="2021-01-06T17:49:51 IST" name="beforeMethod" finished-at="2021-01-06T17:49:51 IST" duration-ms="1" status="PASS">
          <params>
            <param index="0">
              <value>
                <![CDATA[public void com.splashlearn.test.android.AND_Login_Test_CaseGradePreKMath.AndroidLoginTestCaseGradePreKmath() throws java.lang.InterruptedException,java.io.IOException]]>
              </value>
            </param>
          </params>
          <reporter-output>
          </reporter-output>
        </test-method> <!-- beforeMethod -->
        <test-method is-config="true" signature="sendingEmail(org.testng.ITestContext)[pri:0, instance:com.splashlearn.test.android.AND_Login_Test_CaseGradePreKMath@41e68d87]" started-at="2021-01-06T17:49:55 IST" name="sendingEmail" finished-at="2021-01-06T17:49:55 IST" duration-ms="450" status="FAIL">
          <params>
            <param index="0">
              <value>
                <![CDATA[org.testng.TestRunner@2eba9f0d]]>
              </value>
            </param>
          </params>
          <exception class="org.zeroturnaround.zip.ZipException">
            <message>
              <![CDATA[Given directory '/Users/STYLSUMITB/eclipse-workspace/splashlearn-appium/PageScreenshot' doesn't contain any files!]]>
            </message>
            <full-stacktrace>
              <![CDATA[org.zeroturnaround.zip.ZipException: Given directory '/Users/STYLSUMITB/eclipse-workspace/splashlearn-appium/PageScreenshot' doesn't contain any files!
at org.zeroturnaround.zip.ZipUtil.pack(ZipUtil.java:1745)
at org.zeroturnaround.zip.ZipUtil.pack(ZipUtil.java:1612)
at org.zeroturnaround.zip.ZipUtil.pack(ZipUtil.java:1403)
at org.zeroturnaround.zip.ZipUtil.pack(ZipUtil.java:1386)
at com.splashlearn.app.util.Sending_Mail_Folder.SendMail(Sending_Mail_Folder.java:72)
at com.splashlearn.test.android.AND_Login_Test_CaseGradePreKMath.sendingEmail(AND_Login_Test_CaseGradePreKMath.java:748)
at java.base/jdk.internal.reflect.NativeMethodAccessorImpl.invoke0(Native Method)
at java.base/jdk.internal.reflect.NativeMethodAccessorImpl.invoke(NativeMethodAccessorImpl.java:62)
at java.base/jdk.internal.reflect.DelegatingMethodAccessorImpl.invoke(DelegatingMethodAccessorImpl.java:43)
at java.base/java.lang.reflect.Method.invoke(Method.java:567)
at org.testng.internal.MethodInvocationHelper.invokeMethod(MethodInvocationHelper.java:134)
at org.testng.internal.MethodInvocationHelper.invokeMethodConsideringTimeout(MethodInvocationHelper.java:63)
at org.testng.internal.ConfigInvoker.invokeConfigurationMethod(ConfigInvoker.java:348)
at org.testng.internal.ConfigInvoker.invokeConfigurations(ConfigInvoker.java:302)
at org.testng.TestRunner.invokeTestConfigurations(TestRunner.java:619)
at org.testng.TestRunner.afterRun(TestRunner.java:849)
at org.testng.TestRunner.run(TestRunner.java:590)
at org.testng.SuiteRunner.runTest(SuiteRunner.java:384)
at org.testng.SuiteRunner.access$000(SuiteRunner.java:28)
at org.testng.SuiteRunner$SuiteWorker.run(SuiteRunner.java:425)
at org.testng.internal.thread.ThreadUtil.lambda$execute$0(ThreadUtil.java:68)
at java.base/java.util.concurrent.FutureTask.run(FutureTask.java:264)
at java.base/java.util.concurrent.ThreadPoolExecutor.runWorker(ThreadPoolExecutor.java:1128)
at java.base/java.util.concurrent.ThreadPoolExecutor$Worker.run(ThreadPoolExecutor.java:628)
at java.base/java.lang.Thread.run(Thread.java:830)
]]>
            </full-stacktrace>
          </exception> <!-- org.zeroturnaround.zip.ZipException -->
          <reporter-output>
          </reporter-output>
        </test-method> <!-- sendingEmail -->
        <test-method is-config="true" signature="afterSuite(org.testng.ITestContext)[pri:0, instance:com.splashlearn.test.android.AND_Login_Test_CaseGradePreKMath@41e68d87]" started-at="2021-01-06T17:49:57 IST" name="afterSuite" finished-at="1970-01-01T05:30:00 IST" duration-ms="-1609935597842" status="SKIP">
          <reporter-output>
          </reporter-output>
        </test-method> <!-- afterSuite -->
      </class> <!-- com.splashlearn.test.android.AND_Login_Test_CaseGradePreKMath -->
    </test> <!-- Android Login English Subject Grade PreK -->
  </suite> <!-- ELA Purchase Login Suite -->
</testng-results>
