<?xml version="1.0" encoding="UTF-8"?>
<!-- Generated by org.testng.reporters.JUnitXMLReporter -->
<testsuite ignored="0" hostname="SLSUMITB.local" failures="1" tests="1" name="AndroidOnboardingCurriculum3" time="144.206" errors="0" timestamp="2020-08-18T20:42:47 IST">
  <testcase classname="com.splashlearn.test.android.And_Curriculum3OnboardingTestCase" name="OnboardingCurriculumThreeTestCase" time="143.047">
    <failure type="java.lang.StringIndexOutOfBoundsException" message="String index out of range: 1">
      <![CDATA[java.lang.StringIndexOutOfBoundsException: String index out of range: 1
at java.base/java.lang.StringLatin1.charAt(StringLatin1.java:48)
at java.base/java.lang.String.charAt(String.java:709)
at com.splashlearn.test.android.And_Curriculum3OnboardingTestCase.OnboardingCurriculumThreeTestCase(And_Curriculum3OnboardingTestCase.java:537)
at java.base/java.util.concurrent.ThreadPoolExecutor.runWorker(ThreadPoolExecutor.java:1128)
at java.base/java.util.concurrent.ThreadPoolExecutor$Worker.run(ThreadPoolExecutor.java:628)
at java.base/java.lang.Thread.run(Thread.java:830)
... Removed 12 stack frames]]>
    </failure>
  </testcase> <!-- OnboardingCurriculumThreeTestCase -->
</testsuite> <!-- AndroidOnboardingCurriculum3 -->
